[2024-01-11 10:48:30,359] {manager.py:517} INFO - Processing files using up to 1 processes at a time 
[2024-01-11 10:48:30,359] {manager.py:518} INFO - Process each file at most once every 30 seconds
[2024-01-11 10:48:30,359] {manager.py:520} INFO - Checking for new files in /opt/airflow/dags every 300 seconds
[2024-01-11 10:48:30,359] {manager.py:704} INFO - Searching for files in /opt/airflow/dags
[2024-01-11 10:48:30,360] {manager.py:707} INFO - There are 0 files in /opt/airflow/dags
[2024-01-11 10:48:30,373] {manager.py:1106} INFO - Finding 'running' jobs without a recent heartbeat
[2024-01-11 10:48:30,373] {manager.py:1110} INFO - Failing jobs without heartbeat after 2024-01-11 10:43:30.373904+00:00
[2024-01-11 10:48:40,401] {manager.py:1106} INFO - Finding 'running' jobs without a recent heartbeat
[2024-01-11 10:48:40,401] {manager.py:1110} INFO - Failing jobs without heartbeat after 2024-01-11 10:43:40.401623+00:00
[2024-01-11 10:48:50,467] {manager.py:1106} INFO - Finding 'running' jobs without a recent heartbeat
[2024-01-11 10:48:50,467] {manager.py:1110} INFO - Failing jobs without heartbeat after 2024-01-11 10:43:50.467362+00:00
[2024-01-11 10:49:00,528] {manager.py:1106} INFO - Finding 'running' jobs without a recent heartbeat
[2024-01-11 10:49:00,528] {manager.py:1110} INFO - Failing jobs without heartbeat after 2024-01-11 10:44:00.528416+00:00
[2024-01-11 10:49:10,589] {manager.py:1106} INFO - Finding 'running' jobs without a recent heartbeat
[2024-01-11 10:49:10,590] {manager.py:1110} INFO - Failing jobs without heartbeat after 2024-01-11 10:44:10.590073+00:00
[2024-01-11 10:49:20,652] {manager.py:1106} INFO - Finding 'running' jobs without a recent heartbeat
[2024-01-11 10:49:20,652] {manager.py:1110} INFO - Failing jobs without heartbeat after 2024-01-11 10:44:20.652611+00:00
[2024-01-11 10:49:30,719] {manager.py:1106} INFO - Finding 'running' jobs without a recent heartbeat
[2024-01-11 10:49:30,719] {manager.py:1110} INFO - Failing jobs without heartbeat after 2024-01-11 10:44:30.719603+00:00
[2024-01-11 10:49:35,697] {manager.py:498} INFO - Exiting gracefully upon receiving signal 15
